<?xml version="1.0" encoding="UTF-8"?>
<testsuite xmlns:xsi="http://www.w3.org/2001/XMLSchema-instance" xsi:noNamespaceSchemaLocation="https://maven.apache.org/surefire/maven-surefire-plugin/xsd/surefire-test-report-3.0.xsd" version="3.0" name="api.test.UserTodoTests" time="3.701" tests="1" errors="0" skipped="0" failures="0">
  <properties>
[...]
</properties>
  <testcase name="testUsersTodosFromFanCodeCity" classname="api.test.UserTodoTests$TestBase" time="2.532">
    <system-out><![CDATA[18:03:20.789 [main] INFO  api.test.UserTodoTests.TestBase - Current Testing UserId is: 7
18:03:20.801 [main] INFO  api.test.UserTodoTests.TestBase - Entering into - Reading User from the service
HTTP/1.1 200 OK
Date: Sat, 01 Jun 2024 12:33:24 GMT
Content-Type: application/json; charset=utf-8
Transfer-Encoding: chunked
Connection: keep-alive
Report-To: {"group":"heroku-nel","max_age":3600,"endpoints":[{"url":"https://nel.heroku.com/reports?ts=1717245204&sid=e11707d5-02a7-43ef-b45e-2cf4d2036f7d&s=cYlFEDFwQlCmewdSo2khnnZaXw8nOWaWCa04TXvMivc%3D"}]}
Reporting-Endpoints: heroku-nel=https://nel.heroku.com/reports?ts=1717245204&sid=e11707d5-02a7-43ef-b45e-2cf4d2036f7d&s=cYlFEDFwQlCmewdSo2khnnZaXw8nOWaWCa04TXvMivc%3D
Nel: {"report_to":"heroku-nel","max_age":3600,"success_fraction":0.005,"failure_fraction":0.05,"response_headers":["Via"]}
X-Powered-By: Express
X-Ratelimit-Limit: 1000
X-Ratelimit-Remaining: 999
X-Ratelimit-Reset: 1717245212
Vary: Origin, Accept-Encoding
Access-Control-Allow-Credentials: true
Cache-Control: max-age=43200
Pragma: no-cache
Expires: -1
X-Content-Type-Options: nosniff
Etag: W/"1f4-3A5OFrElqRDfjuuAAq1cQ05SvNg"
Via: 1.1 vegur
CF-Cache-Status: MISS
Server: cloudflare
CF-RAY: 88cf3b5dab583e20-SIN
Content-Encoding: gzip
alt-svc: h3=":443"; ma=86400

{
    "id": 7,
    "name": "Kurtis Weissnat",
    "username": "Elwyn.Skiles",
    "email": "Telly.Hoeger@billy.biz",
    "address": {
        "street": "Rex Trail",
        "suite": "Suite 280",
        "city": "Howemouth",
        "zipcode": "58804-1099",
        "geo": {
            "lat": "24.8918",
            "lng": "21.8984"
        }
    },
    "phone": "210.067.6132",
    "website": "elvis.io",
    "company": {
        "name": "Johns Group",
        "catchPhrase": "Configurable multimedia task-force",
        "bs": "generate enterprise e-tailers"
    }
}
18:03:23.311 [main] INFO  api.test.UserTodoTests.TestBase - ***********Successfully retrieved user for Id: 7 ************
18:03:23.345 [main] INFO  api.test.UserTodoTests.TestBase - Latitude of User City=24.8918
18:03:23.346 [main] INFO  api.test.UserTodoTests.TestBase - Longitude of User City=21.8984
18:03:23.346 [main] INFO  api.test.UserTodoTests.TestBase - User is not the citizen of Fancode
]]></system-out>
  </testcase>
</testsuite>