<?xml version="1.0" encoding="UTF-8"?>
<testng-results ignored="0" total="1" passed="1" failed="0" skipped="0">
  <reporter-output>
  </reporter-output>
  <suite started-at="2024-06-01T18:03:20 IST" name="Surefire suite" finished-at="2024-06-01T18:03:23 IST" duration-ms="3238">
    <groups>
    </groups>
    <test started-at="2024-06-01T18:03:20 IST" name="Surefire test" finished-at="2024-06-01T18:03:23 IST" duration-ms="3238">
      <class name="api.test.UserTodoTests$TestBase">
        <test-method is-config="true" signature="setup()[pri:0, instance:api.test.UserTodoTests$TestBase@5ad851c9]" started-at="2024-06-01T18:03:20 IST" name="setup" finished-at="2024-06-01T18:03:20 IST" duration-ms="639" status="PASS">
          <reporter-output>
          </reporter-output>
        </test-method> <!-- setup -->
        <test-method signature="testUsersTodosFromFanCodeCity()[pri:0, instance:api.test.UserTodoTests$TestBase@5ad851c9]" started-at="2024-06-01T18:03:20 IST" name="testUsersTodosFromFanCodeCity" finished-at="2024-06-01T18:03:23 IST" duration-ms="2547" status="PASS">
          <reporter-output>
          </reporter-output>
        </test-method> <!-- testUsersTodosFromFanCodeCity -->
      </class> <!-- api.test.UserTodoTests$TestBase -->
    </test> <!-- Surefire test -->
  </suite> <!-- Surefire suite -->
</testng-results>
