<?xml version="1.0" encoding="UTF-8"?>
<testng-results ignored="0" total="1" passed="1" failed="0" skipped="0">
  <reporter-output>
  </reporter-output>
  <suite started-at="2024-06-01T17:54:07 IST" name="Default suite" finished-at="2024-06-01T17:54:11 IST" duration-ms="3290">
    <groups>
    </groups>
    <test started-at="2024-06-01T17:54:07 IST" name="Default test" finished-at="2024-06-01T17:54:11 IST" duration-ms="3290">
      <class name="api.test.UserTodoTests$TestBase">
        <test-method is-config="true" signature="setup()[pri:0, instance:api.test.UserTodoTests$TestBase@79e2c065]" started-at="2024-06-01T17:54:08 IST" name="setup" finished-at="2024-06-01T17:54:08 IST" duration-ms="669" status="PASS">
          <reporter-output>
          </reporter-output>
        </test-method> <!-- setup -->
        <test-method signature="testUsersTodosFromFanCodeCity()[pri:0, instance:api.test.UserTodoTests$TestBase@79e2c065]" started-at="2024-06-01T17:54:08 IST" name="testUsersTodosFromFanCodeCity" finished-at="2024-06-01T17:54:11 IST" duration-ms="2578" status="PASS">
          <reporter-output>
          </reporter-output>
        </test-method> <!-- testUsersTodosFromFanCodeCity -->
      </class> <!-- api.test.UserTodoTests$TestBase -->
    </test> <!-- Default test -->
  </suite> <!-- Default suite -->
</testng-results>
